<?xml version="1.0" encoding="UTF-8"?>
<!-- Generated by org.testng.reporters.JUnitReportReporter -->
<testsuite skipped="0" hostname="SCS-S70" name="com.crm.qa.testcases.LoginPageTest" tests="3" failures="0" timestamp="01 Feb 2019 14:00:23 GMT" time="1424.615" errors="0">
  <testcase name="loginPageTitleTest" time="1027.784" classname="com.crm.qa.testcases.LoginPageTest"/>
  <testcase name="crmLogoImageTest" time="92.808" classname="com.crm.qa.testcases.LoginPageTest"/>
  <testcase name="loginTest" time="304.023" classname="com.crm.qa.testcases.LoginPageTest"/>
</testsuite> <!-- com.crm.qa.testcases.LoginPageTest -->
